05/07/2022 03:50:31 PM ----------Starting Session----------
05/07/2022 03:50:34 PM ---BuyIn Started---
05/07/2022 03:50:38 PM Geordie has attempted to buy-in with 24
05/07/2022 03:50:38 PM 24.00 has been added to Geordie balance. Their balance is now 175.00
05/07/2022 03:50:38 PM ---BuyIn Ended---
05/07/2022 03:50:42 PM ----------Ending Session----------
05/07/2022 04:08:08 PM ----------Starting Session----------
05/07/2022 04:08:12 PM ----------Ending Session----------
05/07/2022 04:08:35 PM ----------Starting Session----------
05/07/2022 04:08:36 PM ---Withdraw Started---
05/07/2022 04:09:21 PM ----------Starting Session----------
05/07/2022 04:09:22 PM ---Withdraw Started---
05/07/2022 04:10:09 PM ----------Starting Session----------
05/07/2022 04:10:11 PM ---Withdraw Started---
05/07/2022 04:10:57 PM ----------Starting Session----------
05/07/2022 04:10:58 PM ---Withdraw Started---
05/07/2022 04:12:23 PM ----------Starting Session----------
05/07/2022 04:12:25 PM ---Withdraw Started---
05/07/2022 04:13:09 PM ----------Starting Session----------
05/07/2022 04:13:10 PM ---Withdraw Started---
05/07/2022 04:13:14 PM Geordie has attempted to withdraw $25.00 from their balance of $175.00
05/07/2022 04:13:14 PM Valid Withdrawal, begining process
05/07/2022 04:13:14 PM Withdrawal Successful. Geordie has withdrawn $25.00 and their new balance is $150.00
05/07/2022 04:13:14 PM ---Withdraw Ended---
05/07/2022 04:13:19 PM ----------Ending Session----------
05/07/2022 04:14:22 PM ----------Starting Session----------
05/07/2022 04:14:24 PM ---Withdraw Started---
05/07/2022 04:14:27 PM Geordie has attempted to withdraw $25.00 from their balance of $175.00
05/07/2022 04:14:27 PM Valid Withdrawal, begining process
05/07/2022 04:14:27 PM Withdrawal Successful. Geordie has withdrawn $25.00 and their new balance is $150.00
05/07/2022 04:14:27 PM ---Withdraw Ended---
05/07/2022 04:14:28 PM       Name Surname  Balance  Buyin  Withdraw
0  Geordie  Molloy      150      0         0
1      Pat       B        0      0         0
05/07/2022 04:14:28 PM ----------Ending Session----------
05/07/2022 04:15:46 PM ----------Starting Session----------
05/07/2022 04:15:47 PM ---Withdraw Started---
05/07/2022 04:16:51 PM ----------Starting Session----------
05/07/2022 04:16:52 PM ---Withdraw Started---
05/07/2022 04:17:07 PM ----------Starting Session----------
05/07/2022 04:17:08 PM ---Withdraw Started---
05/07/2022 04:17:57 PM ----------Starting Session----------
05/07/2022 04:17:58 PM ---Withdraw Started---
05/07/2022 04:18:09 PM ----------Starting Session----------
05/07/2022 04:18:10 PM ----------Ending Session----------
05/07/2022 04:18:12 PM ----------Starting Session----------
05/07/2022 04:18:13 PM ---Withdraw Started---
05/07/2022 04:18:17 PM Geordie has attempted to withdraw $25.00 from their balance of $175.00
05/07/2022 04:18:17 PM Valid Withdrawal, begining process
05/07/2022 04:18:17 PM Withdrawal Successful. Geordie has withdrawn $25.00 and their new balance is $150.00
05/07/2022 04:18:17 PM ---Withdraw Ended---
05/07/2022 04:18:19 PM ---Withdraw Started---
05/07/2022 04:18:23 PM Pat has attempted to withdraw $12.00 from their balance of $0.00
05/07/2022 04:18:23 PM Invalid Withdrawal, Not enough in Balance
05/07/2022 04:18:23 PM ---Withdraw Ended---
05/07/2022 04:20:01 PM ----------Starting Session----------
05/07/2022 04:20:02 PM ---Withdraw Started---
05/07/2022 04:20:05 PM Geordie has attempted to withdraw $25.00 from their balance of $175.00
05/07/2022 04:20:05 PM Valid Withdrawal, begining process
05/07/2022 04:20:05 PM Withdrawal Successful. Geordie has withdrawn $25.00 and their new balance is $150.00
05/07/2022 04:20:05 PM ---Withdraw Ended---
05/07/2022 04:20:06 PM ----------Ending Session----------
05/07/2022 04:20:35 PM ----------Starting Session----------
05/07/2022 04:20:37 PM ---Withdraw Started---
05/07/2022 04:20:40 PM Geordie has attempted to withdraw $25.00 from their balance of $150.00
05/07/2022 04:20:40 PM Valid Withdrawal, begining process
05/07/2022 04:20:40 PM Withdrawal Successful. Geordie has withdrawn $25.00 and their new balance is $125.00
05/07/2022 04:20:40 PM ---Withdraw Ended---
05/07/2022 04:21:14 PM ----------Starting Session----------
05/07/2022 04:21:19 PM ---Withdraw Started---
05/07/2022 04:21:22 PM Geordie has attempted to withdraw $25.00 from their balance of $150.00
05/07/2022 04:21:22 PM Valid Withdrawal, begining process
05/07/2022 04:21:22 PM Withdrawal Successful. Geordie has withdrawn $25.00 and their new balance is $125.00
05/07/2022 04:21:22 PM ---Withdraw Ended---
05/07/2022 04:21:28 PM ----------Ending Session----------
05/07/2022 04:21:31 PM ----------Starting Session----------
05/07/2022 04:21:35 PM ----------Ending Session----------
05/07/2022 04:23:50 PM ----------Starting Session----------
05/07/2022 04:25:33 PM ----------Starting Session----------
05/07/2022 04:26:02 PM ----------Starting Session----------
05/07/2022 04:28:00 PM ----------Ending Session----------
05/07/2022 04:28:13 PM ----------Starting Session----------
05/07/2022 04:28:14 PM ---Withdraw Started---
05/07/2022 04:28:18 PM ----------Starting Session----------
05/07/2022 04:29:17 PM ---BuyIn Started---
05/07/2022 04:29:19 PM 25 attempted to buy-in with their name but has not created a user.
05/07/2022 04:29:19 PM ---BuyIn Ended---
05/07/2022 04:29:37 PM ---BuyIn Started---
05/07/2022 04:29:46 PM will has attempted to buy-in with 25
05/07/2022 04:29:46 PM 25.00 has been added to will balance. Their balance is now 25.00
05/07/2022 04:29:46 PM ---BuyIn Ended---
05/07/2022 04:30:02 PM ---Withdraw Started---
05/07/2022 04:30:38 PM Geordie has attempted to withdraw $100.00 from their balance of $125.00
05/07/2022 04:30:38 PM Valid Withdrawal, begining process
05/07/2022 04:30:38 PM Withdrawal Successful. Geordie has withdrawn $100.00 and their new balance is $25.00
05/07/2022 04:30:38 PM ---Withdraw Ended---
05/07/2022 04:30:42 PM ----------Ending Session----------
05/07/2022 04:33:16 PM ----------Starting Session----------
05/07/2022 04:33:27 PM ----------Ending Session----------
